#
# There is insufficient memory for the Java Runtime Environment to continue.
# Native memory allocation (malloc) failed to allocate 345456 bytes for Chunk::new
# Possible reasons:
#   The system is out of physical RAM or swap space
#   In 32 bit mode, the process size limit was hit
# Possible solutions:
#   Reduce memory load on the system
#   Increase physical memory or swap space
#   Check if swap backing store is full
#   Use 64 bit Java on a 64 bit OS
#   Decrease Java heap size (-Xmx/-Xms)
#   Decrease number of Java threads
#   Decrease Java thread stack sizes (-Xss)
#   Set larger code cache with -XX:ReservedCodeCacheSize=
# This output file may be truncated or incomplete.
#
#  Out of Memory Error (allocation.cpp:323), pid=29732, tid=22192
#
# JRE version: Java(TM) SE Runtime Environment (7.0_80-b15) (build 1.7.0_80-b15)
# Java VM: Java HotSpot(TM) 64-Bit Server VM (24.80-b11 mixed mode windows-amd64 compressed oops)
# Failed to write core dump. Minidumps are not enabled by default on client versions of Windows
#

---------------  T H R E A D  ---------------

Current thread (0x000000000288f800):  JavaThread "C2 CompilerThread0" daemon [_thread_in_native, id=22192, stack(0x000000000b830000,0x000000000b930000)]

Stack: [0x000000000b830000,0x000000000b930000]

Current CompileTask:
C2:  10720  521 %           groovy.lang.MetaClassImpl::applyStrayPropertyMethods @ 57 (232 bytes)


---------------  P R O C E S S  ---------------

Java Threads: ( => current thread )
  0x000000000d586800 JavaThread "File lock request listener" [_thread_in_native, id=6512, stack(0x000000000ef10000,0x000000000f010000)]
  0x000000000caaf000 JavaThread "Stdin handler" [_thread_blocked, id=17560, stack(0x000000000de40000,0x000000000df40000)]
  0x000000000cace800 JavaThread "Daemon worker" [_thread_in_Java, id=13244, stack(0x000000000dd40000,0x000000000de40000)]
  0x000000000c719000 JavaThread "Cancel handler" [_thread_blocked, id=28308, stack(0x000000000dc40000,0x000000000dd40000)]
  0x000000000c8d4000 JavaThread "Handler for socket connection from /127.0.0.1:5566 to /127.0.0.1:5570" [_thread_in_native, id=4200, stack(0x000000000db40000,0x000000000dc40000)]
  0x000000000cb91800 JavaThread "Daemon" [_thread_blocked, id=16828, stack(0x000000000da40000,0x000000000db40000)]
  0x000000000c9e6800 JavaThread "Incoming local TCP Connector on port 5566" [_thread_in_native, id=24596, stack(0x000000000c490000,0x000000000c590000)]
  0x0000000002897000 JavaThread "Service Thread" daemon [_thread_blocked, id=29928, stack(0x000000000ba30000,0x000000000bb30000)]
  0x0000000002891000 JavaThread "C2 CompilerThread1" daemon [_thread_blocked, id=29624, stack(0x000000000b930000,0x000000000ba30000)]
=>0x000000000288f800 JavaThread "C2 CompilerThread0" daemon [_thread_in_native, id=22192, stack(0x000000000b830000,0x000000000b930000)]
  0x000000000288e000 JavaThread "Attach Listener" daemon [_thread_blocked, id=12100, stack(0x000000000b730000,0x000000000b830000)]
  0x000000000b251800 JavaThread "Signal Dispatcher" daemon [_thread_blocked, id=16820, stack(0x000000000b630000,0x000000000b730000)]
  0x0000000009270800 JavaThread "Finalizer" daemon [_thread_blocked, id=31476, stack(0x000000000b130000,0x000000000b230000)]
  0x000000000926a000 JavaThread "Reference Handler" daemon [_thread_blocked, id=11648, stack(0x000000000b030000,0x000000000b130000)]
  0x000000000269d800 JavaThread "main" [_thread_blocked, id=25096, stack(0x00000000026a0000,0x00000000027a0000)]

Other Threads:
  0x0000000009265000 VMThread [stack: 0x000000000af30000,0x000000000b030000] [id=6760]
  0x000000000289b800 WatcherThread [stack: 0x000000000bb30000,0x000000000bc30000] [id=21804]

VM state:not at safepoint (normal execution)

VM Mutex/Monitor currently owned by a thread: None

Heap
 PSYoungGen      total 38912K, used 24729K [0x00000000eaa80000, 0x00000000ed580000, 0x0000000100000000)
  eden space 33792K, 58% used [0x00000000eaa80000,0x00000000ebdf3860,0x00000000ecb80000)
  from space 5120K, 93% used [0x00000000ed080000,0x00000000ed532d38,0x00000000ed580000)
  to   space 5120K, 0% used [0x00000000ecb80000,0x00000000ecb80000,0x00000000ed080000)
 ParOldGen       total 87040K, used 16974K [0x00000000c0000000, 0x00000000c5500000, 0x00000000eaa80000)
  object space 87040K, 19% used [0x00000000c0000000,0x00000000c1093a20,0x00000000c5500000)
 PSPermGen       total 28672K, used 28258K [0x00000000b0000000, 0x00000000b1c00000, 0x00000000c0000000)
  object space 28672K, 98% used [0x00000000b0000000,0x00000000b1b989a0,0x00000000b1c00000)

Card table byte_map: [0x0000000005970000,0x0000000005c00000] byte_map_base: 0x00000000053f0000

Polling page: 0x0000000000e80000

Code Cache  [0x00000000028b0000, 0x0000000002b50000, 0x00000000058b0000)
 total_blobs=1061 nmethods=482 adapters=532 free_code_cache=46549Kb largest_free_block=47606400

Compilation events (10 events):
Event: 10.206 Thread 0x000000000288f800 nmethod 516 0x0000000002b2f850 code [0x0000000002b2f9a0, 0x0000000002b2fbd8]
Event: 10.218 Thread 0x0000000002891000 nmethod 515 0x0000000002b308d0 code [0x0000000002b30a20, 0x0000000002b31668]
Event: 10.225 Thread 0x000000000288f800  517 %           sun.security.provider.DigestBase::engineUpdate @ 136 (188 bytes)
Event: 10.227 Thread 0x000000000288f800 nmethod 517% 0x0000000002b39c90 code [0x0000000002b39de0, 0x0000000002b3a028]
Event: 10.228 Thread 0x0000000002891000  518             sun.security.provider.DigestBase::engineUpdate (188 bytes)
Event: 10.232 Thread 0x0000000002891000 nmethod 518 0x0000000002b343d0 code [0x0000000002b34540, 0x0000000002b34948]
Event: 10.643 Thread 0x000000000288f800  519             java.io.Win32FileSystem::normalize (231 bytes)
Event: 10.646 Thread 0x0000000002891000  520   !         sun.net.www.ParseUtil::decode (316 bytes)
Event: 10.667 Thread 0x000000000288f800 nmethod 519 0x0000000002b40c90 code [0x0000000002b40ee0, 0x0000000002b42148]
Event: 10.667 Thread 0x000000000288f800  521 %           groovy.lang.MetaClassImpl::applyStrayPropertyMethods @ 57 (232 bytes)

GC Heap History (10 events):
Event: 6.799 GC heap before
{Heap before GC invocations=6 (full 0):
 PSYoungGen      total 38912K, used 38900K [0x00000000eaa80000, 0x00000000ed580000, 0x0000000100000000)
  eden space 33792K, 100% used [0x00000000eaa80000,0x00000000ecb80000,0x00000000ecb80000)
  from space 5120K, 99% used [0x00000000ecb80000,0x00000000ed07d0d0,0x00000000ed080000)
  to   space 5120K, 0% used [0x00000000ed080000,0x00000000ed080000,0x00000000ed580000)
 ParOldGen       total 87040K, used 8408K [0x00000000c0000000, 0x00000000c5500000, 0x00000000eaa80000)
  object space 87040K, 9% used [0x00000000c0000000,0x00000000c0836138,0x00000000c5500000)
 PSPermGen       total 21504K, used 20213K [0x00000000b0000000, 0x00000000b1500000, 0x00000000c0000000)
  object space 21504K, 94% used [0x00000000b0000000,0x00000000b13bd7a8,0x00000000b1500000)
Event: 6.806 GC heap after
Heap after GC invocations=6 (full 0):
 PSYoungGen      total 38912K, used 5112K [0x00000000eaa80000, 0x00000000ed580000, 0x0000000100000000)
  eden space 33792K, 0% used [0x00000000eaa80000,0x00000000eaa80000,0x00000000ecb80000)
  from space 5120K, 99% used [0x00000000ed080000,0x00000000ed57e0f0,0x00000000ed580000)
  to   space 5120K, 0% used [0x00000000ecb80000,0x00000000ecb80000,0x00000000ed080000)
 ParOldGen       total 87040K, used 8568K [0x00000000c0000000, 0x00000000c5500000, 0x00000000eaa80000)
  object space 87040K, 9% used [0x00000000c0000000,0x00000000c085e138,0x00000000c5500000)
 PSPermGen       total 21504K, used 20213K [0x00000000b0000000, 0x00000000b1500000, 0x00000000c0000000)
  object space 21504K, 94% used [0x00000000b0000000,0x00000000b13bd7a8,0x00000000b1500000)
}
Event: 6.943 GC heap before
{Heap before GC invocations=7 (full 0):
 PSYoungGen      total 38912K, used 38904K [0x00000000eaa80000, 0x00000000ed580000, 0x0000000100000000)
  eden space 33792K, 100% used [0x00000000eaa80000,0x00000000ecb80000,0x00000000ecb80000)
  from space 5120K, 99% used [0x00000000ed080000,0x00000000ed57e0f0,0x00000000ed580000)
  to   space 5120K, 0% used [0x00000000ecb80000,0x00000000ecb80000,0x00000000ed080000)
 ParOldGen       total 87040K, used 8568K [0x00000000c0000000, 0x00000000c5500000, 0x00000000eaa80000)
  object space 87040K, 9% used [0x00000000c0000000,0x00000000c085e138,0x00000000c5500000)
 PSPermGen       total 21504K, used 20223K [0x00000000b0000000, 0x00000000b1500000, 0x00000000c0000000)
  object space 21504K, 94% used [0x00000000b0000000,0x00000000b13bff80,0x00000000b1500000)
Event: 6.952 GC heap after
Heap after GC invocations=7 (full 0):
 PSYoungGen      total 38912K, used 2200K [0x00000000eaa80000, 0x00000000ed580000, 0x0000000100000000)
  eden space 33792K, 0% used [0x00000000eaa80000,0x00000000eaa80000,0x00000000ecb80000)
  from space 5120K, 42% used [0x00000000ecb80000,0x00000000ecda6110,0x00000000ed080000)
  to   space 5120K, 0% used [0x00000000ed080000,0x00000000ed080000,0x00000000ed580000)
 ParOldGen       total 87040K, used 11753K [0x00000000c0000000, 0x00000000c5500000, 0x00000000eaa80000)
  object space 87040K, 13% used [0x00000000c0000000,0x00000000c0b7a718,0x00000000c5500000)
 PSPermGen       total 21504K, used 20223K [0x00000000b0000000, 0x00000000b1500000, 0x00000000c0000000)
  object space 21504K, 94% used [0x00000000b0000000,0x00000000b13bff80,0x00000000b1500000)
}
Event: 7.657 GC heap before
{Heap before GC invocations=8 (full 0):
 PSYoungGen      total 38912K, used 35992K [0x00000000eaa80000, 0x00000000ed580000, 0x0000000100000000)
  eden space 33792K, 100% used [0x00000000eaa80000,0x00000000ecb80000,0x00000000ecb80000)
  from space 5120K, 42% used [0x00000000ecb80000,0x00000000ecda6110,0x00000000ed080000)
  to   space 5120K, 0% used [0x00000000ed080000,0x00000000ed080000,0x00000000ed580000)
 ParOldGen       total 87040K, used 11753K [0x00000000c0000000, 0x00000000c5500000, 0x00000000eaa80000)
  object space 87040K, 13% used [0x00000000c0000000,0x00000000c0b7a718,0x00000000c5500000)
 PSPermGen       total 23552K, used 23042K [0x00000000b0000000, 0x00000000b1700000, 0x00000000c0000000)
  object space 23552K, 97% used [0x00000000b0000000,0x00000000b1680808,0x00000000b1700000)
Event: 7.663 GC heap after
Heap after GC invocations=8 (full 0):
 PSYoungGen      total 38912K, used 4521K [0x00000000eaa80000, 0x00000000ed580000, 0x0000000100000000)
  eden space 33792K, 0% used [0x00000000eaa80000,0x00000000eaa80000,0x00000000ecb80000)
  from space 5120K, 88% used [0x00000000ed080000,0x00000000ed4ea7a0,0x00000000ed580000)
  to   space 5120K, 0% used [0x00000000ecb80000,0x00000000ecb80000,0x00000000ed080000)
 ParOldGen       total 87040K, used 13348K [0x00000000c0000000, 0x00000000c5500000, 0x00000000eaa80000)
  object space 87040K, 15% used [0x00000000c0000000,0x00000000c0d090b8,0x00000000c5500000)
 PSPermGen       total 23552K, used 23042K [0x00000000b0000000, 0x00000000b1700000, 0x00000000c0000000)
  object space 23552K, 97% used [0x00000000b0000000,0x00000000b1680808,0x00000000b1700000)
}
Event: 8.213 GC heap before
{Heap before GC invocations=9 (full 0):
 PSYoungGen      total 38912K, used 38313K [0x00000000eaa80000, 0x00000000ed580000, 0x0000000100000000)
  eden space 33792K, 100% used [0x00000000eaa80000,0x00000000ecb80000,0x00000000ecb80000)
  from space 5120K, 88% used [0x00000000ed080000,0x00000000ed4ea7a0,0x00000000ed580000)
  to   space 5120K, 0% used [0x00000000ecb80000,0x00000000ecb80000,0x00000000ed080000)
 ParOldGen       total 87040K, used 13348K [0x00000000c0000000, 0x00000000c5500000, 0x00000000eaa80000)
  object space 87040K, 15% used [0x00000000c0000000,0x00000000c0d090b8,0x00000000c5500000)
 PSPermGen       total 25088K, used 25047K [0x00000000b0000000, 0x00000000b1880000, 0x00000000c0000000)
  object space 25088K, 99% used [0x00000000b0000000,0x00000000b1875dc8,0x00000000b1880000)
Event: 8.219 GC heap after
Heap after GC invocations=9 (full 0):
 PSYoungGen      total 38912K, used 5109K [0x00000000eaa80000, 0x00000000ed580000, 0x0000000100000000)
  eden space 33792K, 0% used [0x00000000eaa80000,0x00000000eaa80000,0x00000000ecb80000)
  from space 5120K, 99% used [0x00000000ecb80000,0x00000000ed07d740,0x00000000ed080000)
  to   space 5120K, 0% used [0x00000000ed080000,0x00000000ed080000,0x00000000ed580000)
 ParOldGen       total 87040K, used 14802K [0x00000000c0000000, 0x00000000c5500000, 0x00000000eaa80000)
  object space 87040K, 17% used [0x00000000c0000000,0x00000000c0e749f0,0x00000000c5500000)
 PSPermGen       total 25088K, used 25047K [0x00000000b0000000, 0x00000000b1880000, 0x00000000c0000000)
  object space 25088K, 99% used [0x00000000b0000000,0x00000000b1875dc8,0x00000000b1880000)
}
Event: 9.572 GC heap before
{Heap before GC invocations=10 (full 0):
 PSYoungGen      total 38912K, used 38901K [0x00000000eaa80000, 0x00000000ed580000, 0x0000000100000000)
  eden space 33792K, 100% used [0x00000000eaa80000,0x00000000ecb80000,0x00000000ecb80000)
  from space 5120K, 99% used [0x00000000ecb80000,0x00000000ed07d740,0x00000000ed080000)
  to   space 5120K, 0% used [0x00000000ed080000,0x00000000ed080000,0x00000000ed580000)
 ParOldGen       total 87040K, used 14802K [0x00000000c0000000, 0x00000000c5500000, 0x00000000eaa80000)
  object space 87040K, 17% used [0x00000000c0000000,0x00000000c0e749f0,0x00000000c5500000)
 PSPermGen       total 28160K, used 27926K [0x00000000b0000000, 0x00000000b1b80000, 0x00000000c0000000)
  object space 28160K, 99% used [0x00000000b0000000,0x00000000b1b45920,0x00000000b1b80000)
Event: 9.578 GC heap after
Heap after GC invocations=10 (full 0):
 PSYoungGen      total 38912K, used 4811K [0x00000000eaa80000, 0x00000000ed580000, 0x0000000100000000)
  eden space 33792K, 0% used [0x00000000eaa80000,0x00000000eaa80000,0x00000000ecb80000)
  from space 5120K, 93% used [0x00000000ed080000,0x00000000ed532d38,0x00000000ed580000)
  to   space 5120K, 0% used [0x00000000ecb80000,0x00000000ecb80000,0x00000000ed080000)
 ParOldGen       total 87040K, used 16974K [0x00000000c0000000, 0x00000000c5500000, 0x00000000eaa80000)
  object space 87040K, 19% used [0x00000000c0000000,0x00000000c1093a20,0x00000000c5500000)
 PSPermGen       total 28160K, used 27926K [0x00000000b0000000, 0x00000000b1b80000, 0x00000000c0000000)
  object space 28160K, 99% used [0x00000000b0000000,0x00000000b1b45920,0x00000000b1b80000)
}

Deoptimization events (10 events):
Event: 9.867 Thread 0x000000000cace800 Uncommon trap: reason=unstable_if action=reinterpret pc=0x0000000002ae2f5c method=com.sun.org.apache.xerces.internal.impl.XMLEntityScanner.peekChar()I @ 51
Event: 9.870 Thread 0x000000000cace800 Uncommon trap: reason=unstable_if action=reinterpret pc=0x0000000002b1a2e8 method=com.sun.org.apache.xerces.internal.impl.XMLEntityScanner.scanName()Ljava/lang/String; @ 69
Event: 9.879 Thread 0x000000000cace800 Uncommon trap: reason=unstable_if action=reinterpret pc=0x0000000002af3d38 method=com.sun.org.apache.xerces.internal.impl.XMLEntityScanner.skipSpaces()Z @ 75
Event: 9.888 Thread 0x000000000cace800 Uncommon trap: reason=unstable_if action=reinterpret pc=0x0000000002ae47b0 method=com.sun.org.apache.xerces.internal.impl.XMLEntityScanner.scanContent(Lcom/sun/org/apache/xerces/internal/xni/XMLString;)I @ 608
Event: 9.894 Thread 0x000000000cace800 Uncommon trap: reason=null_check action=make_not_entrant pc=0x0000000002b1fc88 method=java.lang.Boolean.equals(Ljava/lang/Object;)Z @ 1
Event: 9.951 Thread 0x000000000cace800 Uncommon trap: reason=unstable_if action=reinterpret pc=0x0000000002b1c790 method=com.sun.org.apache.xerces.internal.impl.XMLEntityScanner.scanContent(Lcom/sun/org/apache/xerces/internal/xni/XMLString;)I @ 44
Event: 10.222 Thread 0x000000000cace800 Uncommon trap: reason=unstable_if action=reinterpret pc=0x0000000002b32fe4 method=sun.security.provider.DigestBase.engineUpdate([BII)V @ 168
Event: 10.633 Thread 0x000000000cace800 Uncommon trap: reason=unstable_if action=reinterpret pc=0x0000000002930408 method=java.util.jar.JarFile.hasClassPathAttribute()Z @ 62
Event: 10.634 Thread 0x000000000cace800 Uncommon trap: reason=unstable_if action=reinterpret pc=0x00000000029512a4 method=sun.misc.URLClassPath.getLoader(I)Lsun/misc/URLClassPath$Loader; @ 101
Event: 10.662 Thread 0x000000000cace800 Uncommon trap: reason=predicate action=maybe_recompile pc=0x0000000002b2c630 method=java.util.AbstractCollection.toArray([Ljava/lang/Object;)[Ljava/lang/Object; @ 49

Internal exceptions (10 events):
Event: 10.675 Thread 0x000000000cace800 Threw 0x00000000ebd1dce8 at C:\re\jdk7u80\2329\hotspot\src\share\vm\prims\jvm.cpp:1319
Event: 10.675 Thread 0x000000000cace800 Threw 0x00000000ebd1e978 at C:\re\jdk7u80\2329\hotspot\src\share\vm\prims\jvm.cpp:1319
Event: 10.675 Thread 0x000000000cace800 Threw 0x00000000ebd21688 at C:\re\jdk7u80\2329\hotspot\src\share\vm\prims\jvm.cpp:1319
Event: 10.675 Thread 0x000000000cace800 Threw 0x00000000ebd22350 at C:\re\jdk7u80\2329\hotspot\src\share\vm\prims\jvm.cpp:1319
Event: 10.675 Thread 0x000000000cace800 Threw 0x00000000ebd24f40 at C:\re\jdk7u80\2329\hotspot\src\share\vm\prims\jvm.cpp:1319
Event: 10.676 Thread 0x000000000cace800 Threw 0x00000000ebd25aa0 at C:\re\jdk7u80\2329\hotspot\src\share\vm\prims\jvm.cpp:1319
Event: 10.676 Thread 0x000000000cace800 Threw 0x00000000ebd284b8 at C:\re\jdk7u80\2329\hotspot\src\share\vm\prims\jvm.cpp:1319
Event: 10.676 Thread 0x000000000cace800 Threw 0x00000000ebd29130 at C:\re\jdk7u80\2329\hotspot\src\share\vm\prims\jvm.cpp:1319
Event: 10.676 Thread 0x000000000cace800 Threw 0x00000000ebd2bda8 at C:\re\jdk7u80\2329\hotspot\src\share\vm\prims\jvm.cpp:1319
Event: 10.676 Thread 0x000000000cace800 Threw 0x00000000ebd2c8b8 at C:\re\jdk7u80\2329\hotspot\src\share\vm\prims\jvm.cpp:1319

Events (10 events):
Event: 10.675 loading class 0x000000000d1ea0c0
Event: 10.675 loading class 0x000000000d1ea0c0 done
Event: 10.675 loading class 0x000000000d1e9300
Event: 10.675 loading class 0x000000000d1e9300 done
Event: 10.675 loading class 0x000000000c972e40
Event: 10.675 loading class 0x000000000c972e40 done
Event: 10.676 loading class 0x000000000d1e94e0
Event: 10.676 loading class 0x000000000d1e94e0 done
Event: 10.676 loading class 0x000000000bef6370
Event: 10.676 loading class 0x000000000bef6370 done


Dynamic libraries:
0x00007ff6920f0000 - 0x00007ff692123000 	C:\Program Files\Java\jdk1.7.0_80\bin\java.exe
0x00007ff997f60000 - 0x00007ff998131000 	C:\WINDOWS\SYSTEM32\ntdll.dll
0x00007ff996150000 - 0x00007ff9961fb000 	C:\WINDOWS\System32\KERNEL32.DLL
0x00007ff994450000 - 0x00007ff99466d000 	C:\WINDOWS\System32\KERNELBASE.dll
0x00007ff9954f0000 - 0x00007ff995592000 	C:\WINDOWS\System32\ADVAPI32.dll
0x00007ff996200000 - 0x00007ff99629e000 	C:\WINDOWS\System32\msvcrt.dll
0x00007ff995a20000 - 0x00007ff995a79000 	C:\WINDOWS\System32\sechost.dll
0x00007ff996020000 - 0x00007ff996141000 	C:\WINDOWS\System32\RPCRT4.dll
0x00007ff996540000 - 0x00007ff9966a5000 	C:\WINDOWS\System32\USER32.dll
0x00007ff9954d0000 - 0x00007ff9954ee000 	C:\WINDOWS\System32\win32u.dll
0x00007ff9967b0000 - 0x00007ff9967e4000 	C:\WINDOWS\System32\GDI32.dll
0x00007ff9950c0000 - 0x00007ff995242000 	C:\WINDOWS\System32\gdi32full.dll
0x00007ff988dc0000 - 0x00007ff98903a000 	C:\WINDOWS\WinSxS\amd64_microsoft.windows.common-controls_6595b64144ccf1df_6.0.14393.953_none_42151e83c686086b\COMCTL32.dll
0x00007ff9955b0000 - 0x00007ff995878000 	C:\WINDOWS\System32\combase.dll
0x00007ff994e50000 - 0x00007ff994f45000 	C:\WINDOWS\System32\ucrtbase.dll
0x00007ff995050000 - 0x00007ff9950ba000 	C:\WINDOWS\System32\bcryptPrimitives.dll
0x00007ff995fe0000 - 0x00007ff99600e000 	C:\WINDOWS\System32\IMM32.DLL
0x000000006e690000 - 0x000000006e762000 	C:\Program Files\Java\jdk1.7.0_80\jre\bin\msvcr100.dll
0x000000006deb0000 - 0x000000006e689000 	C:\Program Files\Java\jdk1.7.0_80\jre\bin\server\jvm.dll
0x00007ff995f10000 - 0x00007ff995f18000 	C:\WINDOWS\System32\PSAPI.DLL
0x00007ff991ca0000 - 0x00007ff991ca9000 	C:\WINDOWS\SYSTEM32\WSOCK32.dll
0x00007ff992730000 - 0x00007ff992753000 	C:\WINDOWS\SYSTEM32\WINMM.dll
0x00007ff996740000 - 0x00007ff9967aa000 	C:\WINDOWS\System32\WS2_32.dll
0x0000000002650000 - 0x000000000267b000 	C:\WINDOWS\SYSTEM32\WINMMBASE.dll
0x00007ff994d50000 - 0x00007ff994d92000 	C:\WINDOWS\System32\cfgmgr32.dll
0x000000006dea0000 - 0x000000006deaf000 	C:\Program Files\Java\jdk1.7.0_80\jre\bin\verify.dll
0x000000006de70000 - 0x000000006de98000 	C:\Program Files\Java\jdk1.7.0_80\jre\bin\java.dll
0x000000006de50000 - 0x000000006de66000 	C:\Program Files\Java\jdk1.7.0_80\jre\bin\zip.dll
0x000000006de30000 - 0x000000006de4a000 	C:\Program Files\Java\jdk1.7.0_80\jre\bin\net.dll
0x00007ff993c90000 - 0x00007ff993cec000 	C:\WINDOWS\system32\mswsock.dll
0x000000006de10000 - 0x000000006de21000 	C:\Program Files\Java\jdk1.7.0_80\jre\bin\nio.dll
0x00007ff98fe10000 - 0x00007ff98fe22000 	C:\Users\Сергей\.gradle\native\19\windows-amd64\native-platform.dll
0x00007ff9964e0000 - 0x00007ff996532000 	C:\WINDOWS\System32\SHLWAPI.dll
0x00007ff993a10000 - 0x00007ff993a48000 	C:\WINDOWS\SYSTEM32\IPHLPAPI.DLL
0x00007ff9955a0000 - 0x00007ff9955a8000 	C:\WINDOWS\System32\NSI.dll
0x00007ff990e10000 - 0x00007ff990e26000 	C:\WINDOWS\SYSTEM32\dhcpcsvc6.DLL
0x00007ff990df0000 - 0x00007ff990e0a000 	C:\WINDOWS\SYSTEM32\dhcpcsvc.DLL
0x00007ff993e40000 - 0x00007ff993e57000 	C:\WINDOWS\SYSTEM32\CRYPTSP.dll
0x00007ff993890000 - 0x00007ff9938c3000 	C:\WINDOWS\system32\rsaenh.dll
0x00007ff994300000 - 0x00007ff99432b000 	C:\WINDOWS\SYSTEM32\bcrypt.dll
0x00007ff993b10000 - 0x00007ff993b2f000 	C:\WINDOWS\SYSTEM32\USERENV.dll
0x00007ff994430000 - 0x00007ff994444000 	C:\WINDOWS\System32\profapi.dll
0x00007ff993e30000 - 0x00007ff993e3b000 	C:\WINDOWS\SYSTEM32\CRYPTBASE.dll

VM Arguments:
jvm_args: -XX:MaxPermSize=256m -XX:+HeapDumpOnOutOfMemoryError -Xmx1024m -Dfile.encoding=windows-1251 -Duser.country=RU -Duser.language=ru -Duser.variant 
java_command: org.gradle.launcher.daemon.bootstrap.GradleDaemon 2.4 C:\Users\Сергей\.gradle C:\Users\Сергей\.gradle\daemon 10800000 eff7d3a0-d387-493f-94ba-8beb281cc343 -XX:MaxPermSize=256m -XX:+HeapDumpOnOutOfMemoryError -Xmx1024m -Dfile.encoding=windows-1251 -Duser.country=RU -Duser.language=ru -Duser.variant
Launcher Type: SUN_STANDARD

Environment Variables:
JAVA_HOME=C:\Program Files\Java\jdk1.8.0_91
JRE_HOME=C:\Program Files\Java\jre1.8.0_91
PATH=C:\Program Files (x86)\NVIDIA Corporation\PhysX\Common;C:\Program Files (x86)\PC Connectivity Solution\;C:\Program Files (x86)\Common Files\Intel\Shared Files\cpp\bin\Intel64;C:\ProgramData\Oracle\Java\javapath;C:\WINDOWS\system32;C:\WINDOWS;C:\WINDOWS\System32\Wbem;C:\WINDOWS\System32\WindowsPowerShell\v1.0\;C:\Program Files (x86)\ATI Technologies\ATI.ACE\Core-Static;C:\Program Files (x86)\Windows Live\Shared;C:\Program Files (x86)\Calibre2\;C:\Program Files (x86)\AMD\ATI.ACE\Core-Static;C:\Program Files (x86)\GtkSharp\2.12\bin;C:\Program Files (x86)\Skype\Phone\;C:\Program Files\Java\jdk1.8.0_91\bin;C:\Users\Сергей\.dnx\bin;C:\Program Files\Microsoft DNX\Dnvm\;C:\Program Files\Microsoft SQL Server\130\Tools\Binn\;C:\Program Files\Git\cmd;C:\Program Files (x86)\IVT Corporation\BlueSolei2l\Mobile;C:\Program Files\nodejs\;C:\Program Files\PuTTY\;C:\Program Files (x86)\Bitvise SSH Client;C:\Applications\Atlassian\atlassian-plugin-sdk-6.2.9\bin;C:\Users\Сергей\AppData\Roaming\npm;USERPROFILE\AppData\Local\Microsoft\WindowsApps;
USERNAME=Сергей
OS=Windows_NT
PROCESSOR_IDENTIFIER=Intel64 Family 6 Model 26 Stepping 5, GenuineIntel



---------------  S Y S T E M  ---------------

OS: Windows 8.1 , 64 bit Build 9600 

CPU:total 8 (4 cores per cpu, 2 threads per core) family 6 model 26 stepping 5, cmov, cx8, fxsr, mmx, sse, sse2, sse3, ssse3, sse4.1, sse4.2, popcnt, ht, tsc, tscinvbit, tscinv

Memory: 4k page, physical 8379504k(1434212k free), swap 13499504k(5556k free)

vm_info: Java HotSpot(TM) 64-Bit Server VM (24.80-b11) for windows-amd64 JRE (1.7.0_80-b15), built on Apr 10 2015 11:26:34 by "java_re" with unknown MS VC++:1600

time: Tue Apr 25 22:02:44 2017
elapsed time: 10 seconds

